12:11:10,826 Feeding events - Started monitoring...
12:15:03,500 Feeding events - Started monitoring...
12:15:12,292 Feeding events - Person in feeding area
12:15:49,558 Feeding events - Person in feeding area
12:16:20,152 Feeding events - Person in feeding area
13:58:27,52 Feeding events - Dog in feeding area
13:58:57,63 Feeding events - Dog in feeding area
15:36:26,381 Feeding events - Person in feeding area
19:38:00,639 Feeding events - Dog in feeding area
19:38:30,646 Feeding events - Dog in feeding area
19:57:19,652 Feeding events - Dog in feeding area
20:20:54,961 Feeding events - Person in feeding area
20:21:33,939 Feeding events - Dog in feeding area
20:22:03,949 Feeding events - Dog in feeding area
20:22:33,960 Feeding events - Dog in feeding area
20:23:03,971 Feeding events - Dog in feeding area
23:55:02,440 Feeding events - Started monitoring...
02:06:52,997 Feeding events - Dog in feeding area
06:15:31,350 Feeding events - Dog in feeding area
09:14:15,757 Feeding events - Person in feeding area
06/05/2024, 09:40:56,737 Feeding events - Started monitoring...
06/05/2024, 09:41:17,807 Feeding events - Person in feeding area
06/05/2024, 09:48:39,853 Feeding events - Started monitoring...
06/05/2024, 09:48:44,152 Feeding events - Dog in feeding area
06/05/2024, 09:52:20,624 Feeding events - Started monitoring...
06/05/2024, 09:52:32,524 Feeding events - Person in feeding area
06/05/2024, 09:55:36,568 Feeding events - Started monitoring...
06/05/2024, 09:55:51,916 Feeding events - Person in feeding area
06/05/2024 10:25:38,922 Feeding events - Started monitoring...
06/05/2024 10:25:50,466 Feeding events - Person in feeding area
06/05/2024 10:27:36,235 Feeding events - Started monitoring...
06/05/2024 10:27:46,984 Feeding events - Person in feeding area
06/05/2024 10:29:22,801 Feeding events - Person in feeding area
06/05/2024 10:31:55,813 Feeding events - Started monitoring...
06/05/2024 10:32:06,536 Feeding events - Person in feeding area
06/05/2024 10:32:34,746 Feeding events - Started monitoring...
06/05/2024 10:32:42,618 Feeding events - Person in feeding area
06/05/2024 10:32:42,618 Feeding events - Sending notification
06/05/2024 10:32:42,938 Feeding events - Notification sent with response: <Response [200]>
06/05/2024 10:39:46,361 Feeding events - Person in feeding area
06/05/2024 10:39:46,361 Feeding events - Sending notification
06/05/2024 10:39:47,256 Feeding events - Notification sent with response: <Response [200]>
06/05/2024 10:43:13,960 Feeding events - Person in feeding area
06/05/2024 10:43:13,960 Feeding events - Sending notification
06/05/2024 10:43:14,664 Feeding events - Notification sent with response: <Response [200]>
06/05/2024 10:45:36,219 Feeding events - Person in feeding area
06/05/2024 10:45:36,219 Feeding events - Sending notification
06/05/2024 10:45:36,480 Feeding events - Notification sent with response: <Response [200]>
06/05/2024 10:46:24,758 Feeding events - Dog in feeding area
06/05/2024 10:46:24,758 Feeding events - Sending notification
06/05/2024 10:46:25,462 Feeding events - Notification sent with response: <Response [200]>
06/05/2024 11:01:01,345 Feeding events - Person in feeding area
06/05/2024 11:01:01,345 Feeding events - Sending notification
06/05/2024 11:01:02,179 Feeding events - Notification sent with response: <Response [200]>
06/05/2024 11:06:09,630 Feeding events - Person in feeding area
06/05/2024 11:06:09,630 Feeding events - Sending notification
06/05/2024 11:06:10,342 Feeding events - Notification sent with response: <Response [200]>
06/05/2024 11:06:51,807 Feeding events - Person in feeding area
06/05/2024 11:06:51,808 Feeding events - Sending notification
06/05/2024 11:06:52,69 Feeding events - Notification sent with response: <Response [200]>
06/05/2024 11:07:27,757 Feeding events - Person in feeding area
06/05/2024 11:07:27,757 Feeding events - Sending notification
06/05/2024 11:07:28,40 Feeding events - Notification sent with response: <Response [200]>
06/05/2024 11:08:14,636 Feeding events - Person in feeding area
06/05/2024 11:08:14,636 Feeding events - Sending notification
06/05/2024 11:08:15,307 Feeding events - Notification sent with response: <Response [200]>
06/05/2024 11:09:48,628 Feeding events - Person in feeding area
06/05/2024 11:09:48,629 Feeding events - Sending notification
06/05/2024 11:09:49,542 Feeding events - Notification sent with response: <Response [200]>
06/05/2024 11:34:40,225 Feeding events - Dog in feeding area
06/05/2024 11:34:40,225 Feeding events - Sending notification
06/05/2024 11:34:41,61 Feeding events - Notification sent with response: <Response [200]>
06/05/2024 11:35:42,579 Feeding events - Dog in feeding area
06/05/2024 11:35:42,579 Feeding events - Sending notification
06/05/2024 11:35:43,282 Feeding events - Notification sent with response: <Response [200]>
06/05/2024 11:39:18,927 Feeding events - Person in feeding area
06/05/2024 11:39:18,927 Feeding events - Sending notification
06/05/2024 11:39:19,950 Feeding events - Notification sent with response: <Response [200]>
06/05/2024 12:10:56,903 Feeding events - Person in feeding area
06/05/2024 12:10:56,903 Feeding events - Sending notification
06/05/2024 12:10:57,755 Feeding events - Notification sent with response: <Response [200]>
06/05/2024 12:43:47,631 Feeding events - Dog in feeding area
06/05/2024 12:43:47,631 Feeding events - Sending notification
06/05/2024 12:43:48,384 Feeding events - Notification sent with response: <Response [200]>
06/05/2024 15:15:08,989 Feeding events - Dog in feeding area
06/05/2024 15:15:08,989 Feeding events - Sending notification
06/05/2024 15:15:09,297 Feeding events - Notification sent with response: <Response [200]>
06/05/2024 15:16:06,256 Feeding events - Dog in feeding area
06/05/2024 15:16:06,256 Feeding events - Sending notification
06/05/2024 15:16:07,92 Feeding events - Notification sent with response: <Response [200]>
06/05/2024 15:16:36,263 Feeding events - Dog in feeding area
06/05/2024 15:16:36,264 Feeding events - Sending notification
06/05/2024 15:16:37,15 Feeding events - Notification sent with response: <Response [200]>
06/05/2024 15:17:06,278 Feeding events - Dog in feeding area
06/05/2024 15:17:06,278 Feeding events - Sending notification
06/05/2024 15:17:07,182 Feeding events - Notification sent with response: <Response [200]>
06/05/2024 15:17:36,292 Feeding events - Dog in feeding area
06/05/2024 15:17:36,292 Feeding events - Sending notification
06/05/2024 15:17:36,599 Feeding events - Notification sent with response: <Response [200]>
06/05/2024 15:18:34,715 Feeding events - Dog in feeding area
06/05/2024 15:18:34,715 Feeding events - Sending notification
06/05/2024 15:18:35,45 Feeding events - Notification sent with response: <Response [200]>
06/05/2024 15:19:07,36 Feeding events - Dog in feeding area
06/05/2024 15:19:07,36 Feeding events - Sending notification
06/05/2024 15:19:07,929 Feeding events - Notification sent with response: <Response [200]>
06/05/2024 15:20:03,87 Feeding events - Dog in feeding area
06/05/2024 15:20:03,87 Feeding events - Sending notification
06/05/2024 15:20:03,783 Feeding events - Notification sent with response: <Response [200]>
06/05/2024 15:20:10,675 Feeding events - Person in feeding area
06/05/2024 15:20:10,675 Feeding events - Sending notification
06/05/2024 15:20:11,657 Feeding events - Notification sent with response: <Response [200]>
06/05/2024 15:20:40,684 Feeding events - Person in feeding area
06/05/2024 15:20:40,684 Feeding events - Sending notification
06/05/2024 15:20:41,433 Feeding events - Notification sent with response: <Response [200]>
06/05/2024 15:20:45,76 Feeding events - Dog in feeding area
06/05/2024 15:20:45,76 Feeding events - Sending notification
06/05/2024 15:20:45,989 Feeding events - Notification sent with response: <Response [200]>
06/05/2024 15:21:31,212 Feeding events - Person in feeding area
06/05/2024 15:21:31,212 Feeding events - Sending notification
06/05/2024 15:21:31,505 Feeding events - Notification sent with response: <Response [200]>
06/05/2024 15:21:39,178 Feeding events - Dog in feeding area
06/05/2024 15:21:39,178 Feeding events - Sending notification
06/05/2024 15:21:39,877 Feeding events - Notification sent with response: <Response [200]>
06/05/2024 15:22:13,486 Feeding events - Dog in feeding area
06/05/2024 15:22:13,486 Feeding events - Sending notification
06/05/2024 15:22:14,376 Feeding events - Notification sent with response: <Response [200]>
06/05/2024 15:22:43,503 Feeding events - Dog in feeding area
06/05/2024 15:22:43,503 Feeding events - Sending notification
06/05/2024 15:22:44,339 Feeding events - Notification sent with response: <Response [200]>
06/05/2024 15:42:28,793 Feeding events - Dog in feeding area
06/05/2024 15:42:28,793 Feeding events - Sending notification
06/05/2024 15:42:29,107 Feeding events - Notification sent with response: <Response [200]>
06/05/2024 15:42:58,801 Feeding events - Dog in feeding area
06/05/2024 15:42:58,802 Feeding events - Sending notification
06/05/2024 15:42:59,650 Feeding events - Notification sent with response: <Response [200]>
06/05/2024 15:47:56,470 Feeding events - Person in feeding area
06/05/2024 15:47:56,470 Feeding events - Sending notification
06/05/2024 15:47:57,185 Feeding events - Notification sent with response: <Response [200]>
06/05/2024 15:50:01,974 Feeding events - Person in feeding area
06/05/2024 15:50:01,974 Feeding events - Sending notification
06/05/2024 15:50:02,242 Feeding events - Notification sent with response: <Response [200]>
06/05/2024 15:51:24,513 Feeding events - Person in feeding area
06/05/2024 15:51:24,513 Feeding events - Sending notification
06/05/2024 15:51:25,360 Feeding events - Notification sent with response: <Response [200]>
06/05/2024 15:51:54,525 Feeding events - Person in feeding area
06/05/2024 15:51:54,526 Feeding events - Sending notification
06/05/2024 15:51:55,461 Feeding events - Notification sent with response: <Response [200]>
06/05/2024 15:52:25,546 Feeding events - Person in feeding area
06/05/2024 15:52:25,546 Feeding events - Sending notification
06/05/2024 15:52:26,206 Feeding events - Notification sent with response: <Response [200]>
06/05/2024 15:52:55,557 Feeding events - Person in feeding area
06/05/2024 15:52:55,557 Feeding events - Sending notification
06/05/2024 15:52:56,312 Feeding events - Notification sent with response: <Response [200]>
06/05/2024 15:53:25,558 Feeding events - Person in feeding area
06/05/2024 15:53:25,558 Feeding events - Sending notification
06/05/2024 15:53:26,441 Feeding events - Notification sent with response: <Response [200]>
06/05/2024 15:54:11,753 Feeding events - Person in feeding area
06/05/2024 15:54:11,753 Feeding events - Sending notification
06/05/2024 15:54:12,466 Feeding events - Notification sent with response: <Response [200]>
06/05/2024 15:54:41,765 Feeding events - Person in feeding area
06/05/2024 15:54:41,765 Feeding events - Sending notification
06/05/2024 15:54:42,81 Feeding events - Notification sent with response: <Response [200]>
06/05/2024 15:55:11,778 Feeding events - Person in feeding area
06/05/2024 15:55:11,778 Feeding events - Sending notification
06/05/2024 15:55:12,95 Feeding events - Notification sent with response: <Response [200]>
06/05/2024 15:55:41,793 Feeding events - Person in feeding area
06/05/2024 15:55:41,793 Feeding events - Sending notification
06/05/2024 15:55:42,502 Feeding events - Notification sent with response: <Response [200]>
06/05/2024 15:56:11,802 Feeding events - Person in feeding area
06/05/2024 15:56:11,802 Feeding events - Sending notification
06/05/2024 15:56:12,501 Feeding events - Notification sent with response: <Response [200]>
06/05/2024 15:56:41,816 Feeding events - Person in feeding area
06/05/2024 15:56:41,816 Feeding events - Sending notification
06/05/2024 15:56:42,136 Feeding events - Notification sent with response: <Response [200]>
06/05/2024 15:57:11,823 Feeding events - Person in feeding area
06/05/2024 15:57:11,824 Feeding events - Sending notification
06/05/2024 15:57:12,474 Feeding events - Notification sent with response: <Response [200]>
06/05/2024 15:57:41,829 Feeding events - Person in feeding area
06/05/2024 15:57:41,829 Feeding events - Sending notification
06/05/2024 15:57:42,733 Feeding events - Notification sent with response: <Response [200]>
06/05/2024 15:58:11,836 Feeding events - Person in feeding area
06/05/2024 15:58:11,836 Feeding events - Sending notification
06/05/2024 15:58:12,505 Feeding events - Notification sent with response: <Response [200]>
06/05/2024 16:45:00,697 Feeding events - Person in feeding area
06/05/2024 16:45:00,697 Feeding events - Sending notification
06/05/2024 16:45:01,632 Feeding events - Notification sent with response: <Response [200]>
06/05/2024 16:45:12,841 Feeding events - Dog in feeding area
06/05/2024 16:45:12,841 Feeding events - Sending notification
06/05/2024 16:45:13,550 Feeding events - Notification sent with response: <Response [200]>
06/05/2024 18:14:08,77 Feeding events - Person in feeding area
06/05/2024 18:14:08,77 Feeding events - Sending notification
06/05/2024 18:14:08,332 Feeding events - Notification sent with response: <Response [200]>
06/06/2024 11:23:40,570 Feeding events - Started monitoring...
06/06/2024 11:23:59,97 Feeding events - Person in feeding area
06/06/2024 11:23:59,97 Feeding events - Sending notification
06/06/2024 11:23:59,983 Feeding events - Notification sent with response: <Response [200]>
06/06/2024 11:25:17,293 Feeding events - Person in feeding area
06/06/2024 11:25:17,293 Feeding events - Sending notification
06/06/2024 11:25:18,167 Feeding events - Notification sent with response: <Response [200]>
06/06/2024 11:25:30,785 Feeding events - Dog in feeding area
06/06/2024 11:25:30,785 Feeding events - Sending notification
06/06/2024 11:25:31,621 Feeding events - Notification sent with response: <Response [200]>
06/06/2024 11:26:30,791 Feeding events - Dog in feeding area
06/06/2024 11:26:30,791 Feeding events - Sending notification
06/06/2024 11:26:31,670 Feeding events - Notification sent with response: <Response [200]>
06/06/2024 11:27:30,808 Feeding events - Dog in feeding area
06/06/2024 11:27:30,808 Feeding events - Sending notification
06/06/2024 11:27:31,510 Feeding events - Notification sent with response: <Response [200]>
06/06/2024 11:40:19,924 Feeding events - Person in feeding area
06/06/2024 11:40:19,924 Feeding events - Sending notification
06/06/2024 11:40:20,638 Feeding events - Notification sent with response: <Response [200]>
06/06/2024 13:30:27,412 Feeding events - Dog in feeding area
06/06/2024 13:30:27,412 Feeding events - Sending notification
06/06/2024 13:30:28,73 Feeding events - Notification sent with response: <Response [200]>
06/06/2024 13:32:09,499 Feeding events - Person in feeding area
06/06/2024 13:32:09,499 Feeding events - Sending notification
06/06/2024 13:32:09,783 Feeding events - Notification sent with response: <Response [200]>
06/06/2024 13:45:05,707 Feeding events - Person in feeding area
06/06/2024 13:45:05,707 Feeding events - Sending notification
06/06/2024 13:45:06,662 Feeding events - Notification sent with response: <Response [200]>
06/06/2024 14:27:07,975 Feeding events - Person in feeding area
06/06/2024 14:27:07,975 Feeding events - Sending notification
06/06/2024 14:27:08,689 Feeding events - Notification sent with response: <Response [200]>
06/06/2024 14:27:11,819 Feeding events - Dog in feeding area
06/06/2024 14:27:11,819 Feeding events - Sending notification
06/06/2024 14:27:12,88 Feeding events - Notification sent with response: <Response [200]>
06/06/2024 14:37:19,567 Feeding events - Person in feeding area
06/06/2024 14:37:19,567 Feeding events - Sending notification
06/06/2024 14:37:20,531 Feeding events - Notification sent with response: <Response [200]>
06/06/2024 14:38:47,624 Feeding events - Person in feeding area
06/06/2024 14:38:47,624 Feeding events - Sending notification
06/06/2024 14:38:48,518 Feeding events - Notification sent with response: <Response [200]>
06/06/2024 14:39:47,625 Feeding events - Person in feeding area
06/06/2024 14:39:47,625 Feeding events - Sending notification
06/06/2024 14:39:48,478 Feeding events - Notification sent with response: <Response [200]>
06/06/2024 14:44:09,315 Feeding events - Person in feeding area
06/06/2024 14:44:09,315 Feeding events - Sending notification
06/06/2024 14:44:10,191 Feeding events - Notification sent with response: <Response [200]>
06/06/2024 14:45:25,319 Feeding events - Person in feeding area
06/06/2024 14:45:25,319 Feeding events - Sending notification
06/06/2024 14:45:26,268 Feeding events - Notification sent with response: <Response [200]>
06/06/2024 15:11:54,407 Feeding events - Person in feeding area
06/06/2024 15:11:54,407 Feeding events - Sending notification
06/06/2024 15:11:55,336 Feeding events - Notification sent with response: <Response [200]>
06/06/2024 15:13:18,553 Feeding events - Person in feeding area
06/06/2024 15:13:18,553 Feeding events - Sending notification
06/06/2024 15:13:19,392 Feeding events - Notification sent with response: <Response [200]>
06/06/2024 16:02:54,984 Feeding events - Dog in feeding area
06/06/2024 16:02:54,985 Feeding events - Sending notification
06/06/2024 16:02:55,743 Feeding events - Notification sent with response: <Response [200]>
06/06/2024 18:55:53,568 Feeding events - Dog in feeding area
06/06/2024 18:55:53,568 Feeding events - Sending notification
06/06/2024 18:55:54,423 Feeding events - Notification sent with response: <Response [200]>
06/06/2024 19:03:41,144 Feeding events - Person in feeding area
06/06/2024 19:03:41,144 Feeding events - Sending notification
06/06/2024 19:03:42,44 Feeding events - Notification sent with response: <Response [200]>
06/06/2024 19:04:41,158 Feeding events - Person in feeding area
06/06/2024 19:04:41,158 Feeding events - Sending notification
06/06/2024 19:04:41,909 Feeding events - Notification sent with response: <Response [200]>
06/06/2024 19:06:05,235 Feeding events - Person in feeding area
06/06/2024 19:06:05,235 Feeding events - Sending notification
06/06/2024 19:06:06,103 Feeding events - Notification sent with response: <Response [200]>
06/06/2024 19:32:53,650 Feeding events - Person in feeding area
06/06/2024 19:32:53,650 Feeding events - Sending notification
06/06/2024 19:32:53,979 Feeding events - Notification sent with response: <Response [200]>
06/06/2024 19:35:20,787 Feeding events - Person in feeding area
06/06/2024 19:35:20,787 Feeding events - Sending notification
06/06/2024 19:35:21,623 Feeding events - Notification sent with response: <Response [200]>
06/06/2024 21:02:57,493 Feeding events - Person in feeding area
06/06/2024 21:02:57,493 Feeding events - Sending notification
06/06/2024 21:02:58,359 Feeding events - Notification sent with response: <Response [200]>
06/06/2024 21:47:53,890 Feeding events - Person in feeding area
06/06/2024 21:47:53,890 Feeding events - Sending notification
06/06/2024 21:47:54,810 Feeding events - Notification sent with response: <Response [200]>
